#
# There is insufficient memory for the Java Runtime Environment to continue.
# Native memory allocation (malloc) failed to allocate 975872 bytes for Chunk::new
# Possible reasons:
#   The system is out of physical RAM or swap space
#   In 32 bit mode, the process size limit was hit
# Possible solutions:
#   Reduce memory load on the system
#   Increase physical memory or swap space
#   Check if swap backing store is full
#   Use 64 bit Java on a 64 bit OS
#   Decrease Java heap size (-Xmx/-Xms)
#   Decrease number of Java threads
#   Decrease Java thread stack sizes (-Xss)
#   Set larger code cache with -XX:ReservedCodeCacheSize=
# This output file may be truncated or incomplete.
#
#  Out of Memory Error (allocation.cpp:390), pid=7388, tid=0x0000000000000e38
#
# JRE version: Java(TM) SE Runtime Environment (8.0_121-b13) (build 1.8.0_121-b13)
# Java VM: Java HotSpot(TM) 64-Bit Server VM (25.121-b13 mixed mode windows-amd64 compressed oops)
# Failed to write core dump. Minidumps are not enabled by default on client versions of Windows
#

---------------  T H R E A D  ---------------

Current thread (0x000000001bb7d000):  JavaThread "C2 CompilerThread1" daemon [_thread_in_native, id=3640, stack(0x000000001d1e0000,0x000000001d2e0000)]

Stack: [0x000000001d1e0000,0x000000001d2e0000]
[error occurred during error reporting (printing stack bounds), id 0xc0000005]

Native frames: (J=compiled Java code, j=interpreted, Vv=VM code, C=native code)


Current CompileTask:
C2:  51830 4658   !   4       javafx.scene.CssStyleHelper::transitionToState (1075 bytes)


---------------  P R O C E S S  ---------------

Java Threads: ( => current thread )
  0x0000000020f16800 JavaThread "Thread-6" [_thread_in_native, id=4356, stack(0x00000000248f0000,0x00000000249f0000)]
  0x0000000020cd5800 JavaThread "Thread-5" [_thread_blocked, id=1692, stack(0x00000000247f0000,0x00000000248f0000)]
  0x0000000020e39000 JavaThread "Prism Font Disposer" daemon [_thread_blocked, id=120, stack(0x0000000023af0000,0x0000000023bf0000)]
  0x0000000020bef800 JavaThread "mysql-cj-abandoned-connection-cleanup" daemon [_thread_blocked, id=5596, stack(0x00000000231f0000,0x00000000232f0000)]
  0x0000000020a8e800 JavaThread "Thread-3" daemon [_thread_in_native, id=3044, stack(0x0000000021610000,0x0000000021710000)]
  0x0000000020a12000 JavaThread "JavaFX-Launcher" [_thread_blocked, id=6516, stack(0x0000000021710000,0x0000000021810000)]
  0x000000001d7ae800 JavaThread "JavaFX Application Thread" [_thread_blocked, id=2912, stack(0x000000001e110000,0x000000001e210000)]
  0x000000001d7bf000 JavaThread "Thread-1" daemon [_thread_blocked, id=2904, stack(0x000000001e010000,0x000000001e110000)]
  0x000000001d787000 JavaThread "QuantumRenderer-0" daemon [_thread_in_native, id=4132, stack(0x000000001d9e0000,0x000000001dae0000)]
  0x000000001d408800 JavaThread "Service Thread" daemon [_thread_blocked, id=3728, stack(0x000000001d7e0000,0x000000001d8e0000)]
  0x000000001bb89800 JavaThread "C1 CompilerThread2" daemon [_thread_blocked, id=2848, stack(0x000000001d2e0000,0x000000001d3e0000)]
=>0x000000001bb7d000 JavaThread "C2 CompilerThread1" daemon [_thread_in_native, id=3640, stack(0x000000001d1e0000,0x000000001d2e0000)]
  0x000000001bb7a800 JavaThread "C2 CompilerThread0" daemon [_thread_in_native, id=5816, stack(0x000000001d0e0000,0x000000001d1e0000)]
  0x000000001bb87800 JavaThread "Attach Listener" daemon [_thread_blocked, id=4984, stack(0x000000001cfe0000,0x000000001d0e0000)]
  0x000000001bb86800 JavaThread "Signal Dispatcher" daemon [_thread_blocked, id=5460, stack(0x000000001cee0000,0x000000001cfe0000)]
  0x000000000250a800 JavaThread "Finalizer" daemon [_thread_blocked, id=6420, stack(0x000000001cde0000,0x000000001cee0000)]
  0x00000000024ff800 JavaThread "Reference Handler" daemon [_thread_blocked, id=1852, stack(0x000000001cce0000,0x000000001cde0000)]
  0x0000000002410800 JavaThread "main" [_thread_blocked, id=2180, stack(0x0000000002310000,0x0000000002410000)]

Other Threads:
  0x000000001bb47800 VMThread [stack: 0x000000001cbe0000,0x000000001cce0000] [id=4152]
  0x000000001bbdc000 WatcherThread [stack: 0x000000001d8e0000,0x000000001d9e0000] [id=6112]

VM state:not at safepoint (normal execution)

VM Mutex/Monitor currently owned by a thread: None

Heap:
 PSYoungGen      total 61952K, used 46698K [0x000000076ae00000, 0x0000000770600000, 0x00000007c0000000)
  eden space 59392K, 74% used [0x000000076ae00000,0x000000076d97aa50,0x000000076e800000)
  from space 2560K, 85% used [0x000000076e900000,0x000000076eb20000,0x000000076eb80000)
  to   space 15360K, 0% used [0x000000076f700000,0x000000076f700000,0x0000000770600000)
 ParOldGen       total 79360K, used 10243K [0x00000006c0a00000, 0x00000006c5780000, 0x000000076ae00000)
  object space 79360K, 12% used [0x00000006c0a00000,0x00000006c1400e50,0x00000006c5780000)
 Metaspace       used 23449K, capacity 24634K, committed 24832K, reserved 1071104K
  class space    used 3191K, capacity 3466K, committed 3584K, reserved 1048576K

Card table byte_map: [0x00000000118d0000,0x00000000120d0000] byte_map_base: 0x000000000e2cb000

Marking Bits: (ParMarkBitMap*) 0x000000006f5eb6d0
 Begin Bits: [0x0000000012a30000, 0x0000000016a08000)
 End Bits:   [0x0000000016a08000, 0x000000001a9e0000)

Polling page: 0x00000000005b0000

CodeCache: size=245760Kb used=13639Kb max_used=13639Kb free=232120Kb
 bounds [0x0000000002510000, 0x0000000003270000, 0x0000000011510000]
 total_blobs=4912 nmethods=4207 adapters=615
 compilation: enabled

Compilation events (10 events):
Event: 51.413 Thread 0x000000001bb89800 4732       3       com.sun.javafx.css.StyleCache::getStyleCacheEntry (25 bytes)
Event: 51.413 Thread 0x000000001bb89800 nmethod 4732 0x000000000326c710 code [0x000000000326c880, 0x000000000326cbc8]
Event: 51.413 Thread 0x000000001bb89800 4733       3       com.sun.javafx.beans.event.AbstractNotifyListener::<init> (17 bytes)
Event: 51.414 Thread 0x000000001bb89800 nmethod 4733 0x000000000326ccd0 code [0x000000000326ce80, 0x000000000326d3f8]
Event: 51.414 Thread 0x000000001bb89800 4734       3       javafx.scene.layout.Region::snapPosition (14 bytes)
Event: 51.414 Thread 0x000000001bb89800 nmethod 4734 0x000000000326d6d0 code [0x000000000326d840, 0x000000000326da08]
Event: 51.415 Thread 0x000000001bb89800 4735       3       javafx.scene.effect.Effect::getKernelSize (30 bytes)
Event: 51.415 Thread 0x000000001bb89800 nmethod 4735 0x000000000326da90 code [0x000000000326dc40, 0x000000000326df28]
Event: 51.415 Thread 0x000000001bb89800 4736       3       javafx.scene.effect.Effect::transformBounds (30 bytes)
Event: 51.415 Thread 0x000000001bb89800 nmethod 4736 0x000000000326e090 code [0x000000000326e220, 0x000000000326e718]

GC Heap History (10 events):
Event: 23.528 GC heap before
{Heap before GC invocations=6 (full 1):
 PSYoungGen      total 76288K, used 65920K [0x000000076ae00000, 0x0000000770300000, 0x00000007c0000000)
  eden space 65536K, 100% used [0x000000076ae00000,0x000000076ee00000,0x000000076ee00000)
  from space 10752K, 3% used [0x000000076f880000,0x000000076f8e0000,0x0000000770300000)
  to   space 10752K, 0% used [0x000000076ee00000,0x000000076ee00000,0x000000076f880000)
 ParOldGen       total 79360K, used 10219K [0x00000006c0a00000, 0x00000006c5780000, 0x000000076ae00000)
  object space 79360K, 12% used [0x00000006c0a00000,0x00000006c13fae50,0x00000006c5780000)
 Metaspace       used 22136K, capacity 23276K, committed 23420K, reserved 1069056K
  class space    used 2992K, capacity 3261K, committed 3328K, reserved 1048576K
Event: 23.531 GC heap after
Heap after GC invocations=6 (full 1):
 PSYoungGen      total 74752K, used 2080K [0x000000076ae00000, 0x0000000770e80000, 0x00000007c0000000)
  eden space 64000K, 0% used [0x000000076ae00000,0x000000076ae00000,0x000000076ec80000)
  from space 10752K, 19% used [0x000000076ee00000,0x000000076f008000,0x000000076f880000)
  to   space 17408K, 0% used [0x000000076fd80000,0x000000076fd80000,0x0000000770e80000)
 ParOldGen       total 79360K, used 10227K [0x00000006c0a00000, 0x00000006c5780000, 0x000000076ae00000)
  object space 79360K, 12% used [0x00000006c0a00000,0x00000006c13fce50,0x00000006c5780000)
 Metaspace       used 22136K, capacity 23276K, committed 23420K, reserved 1069056K
  class space    used 2992K, capacity 3261K, committed 3328K, reserved 1048576K
}
Event: 29.601 GC heap before
{Heap before GC invocations=7 (full 1):
 PSYoungGen      total 74752K, used 66080K [0x000000076ae00000, 0x0000000770e80000, 0x00000007c0000000)
  eden space 64000K, 100% used [0x000000076ae00000,0x000000076ec80000,0x000000076ec80000)
  from space 10752K, 19% used [0x000000076ee00000,0x000000076f008000,0x000000076f880000)
  to   space 17408K, 0% used [0x000000076fd80000,0x000000076fd80000,0x0000000770e80000)
 ParOldGen       total 79360K, used 10227K [0x00000006c0a00000, 0x00000006c5780000, 0x000000076ae00000)
  object space 79360K, 12% used [0x00000006c0a00000,0x00000006c13fce50,0x00000006c5780000)
 Metaspace       used 22373K, capacity 23546K, committed 23676K, reserved 1069056K
  class space    used 2997K, capacity 3264K, committed 3328K, reserved 1048576K
Event: 29.604 GC heap after
Heap after GC invocations=7 (full 1):
 PSYoungGen      total 77312K, used 2484K [0x000000076ae00000, 0x0000000770c00000, 0x00000007c0000000)
  eden space 62464K, 0% used [0x000000076ae00000,0x000000076ae00000,0x000000076eb00000)
  from space 14848K, 16% used [0x000000076fd80000,0x000000076ffed2d8,0x0000000770c00000)
  to   space 16896K, 0% used [0x000000076eb00000,0x000000076eb00000,0x000000076fb80000)
 ParOldGen       total 79360K, used 10227K [0x00000006c0a00000, 0x00000006c5780000, 0x000000076ae00000)
  object space 79360K, 12% used [0x00000006c0a00000,0x00000006c13fce50,0x00000006c5780000)
 Metaspace       used 22373K, capacity 23546K, committed 23676K, reserved 1069056K
  class space    used 2997K, capacity 3264K, committed 3328K, reserved 1048576K
}
Event: 35.892 GC heap before
{Heap before GC invocations=8 (full 1):
 PSYoungGen      total 77312K, used 64948K [0x000000076ae00000, 0x0000000770c00000, 0x00000007c0000000)
  eden space 62464K, 100% used [0x000000076ae00000,0x000000076eb00000,0x000000076eb00000)
  from space 14848K, 16% used [0x000000076fd80000,0x000000076ffed2d8,0x0000000770c00000)
  to   space 16896K, 0% used [0x000000076eb00000,0x000000076eb00000,0x000000076fb80000)
 ParOldGen       total 79360K, used 10227K [0x00000006c0a00000, 0x00000006c5780000, 0x000000076ae00000)
  object space 79360K, 12% used [0x00000006c0a00000,0x00000006c13fce50,0x00000006c5780000)
 Metaspace       used 22425K, capacity 23550K, committed 23676K, reserved 1069056K
  class space    used 2998K, capacity 3264K, committed 3328K, reserved 1048576K
Event: 35.895 GC heap after
Heap after GC invocations=8 (full 1):
 PSYoungGen      total 64000K, used 2464K [0x000000076ae00000, 0x0000000770a00000, 0x00000007c0000000)
  eden space 61440K, 0% used [0x000000076ae00000,0x000000076ae00000,0x000000076ea00000)
  from space 2560K, 96% used [0x000000076eb00000,0x000000076ed68020,0x000000076ed80000)
  to   space 16384K, 0% used [0x000000076fa00000,0x000000076fa00000,0x0000000770a00000)
 ParOldGen       total 79360K, used 10235K [0x00000006c0a00000, 0x00000006c5780000, 0x000000076ae00000)
  object space 79360K, 12% used [0x00000006c0a00000,0x00000006c13fee50,0x00000006c5780000)
 Metaspace       used 22425K, capacity 23550K, committed 23676K, reserved 1069056K
  class space    used 2998K, capacity 3264K, committed 3328K, reserved 1048576K
}
Event: 41.614 GC heap before
{Heap before GC invocations=9 (full 1):
 PSYoungGen      total 64000K, used 63904K [0x000000076ae00000, 0x0000000770a00000, 0x00000007c0000000)
  eden space 61440K, 100% used [0x000000076ae00000,0x000000076ea00000,0x000000076ea00000)
  from space 2560K, 96% used [0x000000076eb00000,0x000000076ed68020,0x000000076ed80000)
  to   space 16384K, 0% used [0x000000076fa00000,0x000000076fa00000,0x0000000770a00000)
 ParOldGen       total 79360K, used 10235K [0x00000006c0a00000, 0x00000006c5780000, 0x000000076ae00000)
  object space 79360K, 12% used [0x00000006c0a00000,0x00000006c13fee50,0x00000006c5780000)
 Metaspace       used 22482K, capacity 23686K, committed 23808K, reserved 1069056K
  class space    used 2998K, capacity 3264K, committed 3328K, reserved 1048576K
Event: 41.617 GC heap after
Heap after GC invocations=9 (full 1):
 PSYoungGen      total 74752K, used 2208K [0x000000076ae00000, 0x0000000770800000, 0x00000007c0000000)
  eden space 60416K, 0% used [0x000000076ae00000,0x000000076ae00000,0x000000076e900000)
  from space 14336K, 15% used [0x000000076fa00000,0x000000076fc28000,0x0000000770800000)
  to   space 15872K, 0% used [0x000000076e900000,0x000000076e900000,0x000000076f880000)
 ParOldGen       total 79360K, used 10243K [0x00000006c0a00000, 0x00000006c5780000, 0x000000076ae00000)
  object space 79360K, 12% used [0x00000006c0a00000,0x00000006c1400e50,0x00000006c5780000)
 Metaspace       used 22482K, capacity 23686K, committed 23808K, reserved 1069056K
  class space    used 2998K, capacity 3264K, committed 3328K, reserved 1048576K
}
Event: 47.470 GC heap before
{Heap before GC invocations=10 (full 1):
 PSYoungGen      total 74752K, used 62624K [0x000000076ae00000, 0x0000000770800000, 0x00000007c0000000)
  eden space 60416K, 100% used [0x000000076ae00000,0x000000076e900000,0x000000076e900000)
  from space 14336K, 15% used [0x000000076fa00000,0x000000076fc28000,0x0000000770800000)
  to   space 15872K, 0% used [0x000000076e900000,0x000000076e900000,0x000000076f880000)
 ParOldGen       total 79360K, used 10243K [0x00000006c0a00000, 0x00000006c5780000, 0x000000076ae00000)
  object space 79360K, 12% used [0x00000006c0a00000,0x00000006c1400e50,0x00000006c5780000)
 Metaspace       used 22482K, capacity 23686K, committed 23808K, reserved 1069056K
  class space    used 2998K, capacity 3264K, committed 3328K, reserved 1048576K
Event: 47.473 GC heap after
Heap after GC invocations=10 (full 1):
 PSYoungGen      total 61952K, used 2176K [0x000000076ae00000, 0x0000000770600000, 0x00000007c0000000)
  eden space 59392K, 0% used [0x000000076ae00000,0x000000076ae00000,0x000000076e800000)
  from space 2560K, 85% used [0x000000076e900000,0x000000076eb20000,0x000000076eb80000)
  to   space 15360K, 0% used [0x000000076f700000,0x000000076f700000,0x0000000770600000)
 ParOldGen       total 79360K, used 10243K [0x00000006c0a00000, 0x00000006c5780000, 0x000000076ae00000)
  object space 79360K, 12% used [0x00000006c0a00000,0x00000006c1400e50,0x00000006c5780000)
 Metaspace       used 22482K, capacity 23686K, committed 23808K, reserved 1069056K
  class space    used 2998K, capacity 3264K, committed 3328K, reserved 1048576K
}

Deoptimization events (10 events):
Event: 51.181 Thread 0x000000001d7ae800 Uncommon trap: reason=unstable_if action=reinterpret pc=0x0000000002db8ca4 method=javafx.scene.CssStyleHelper.lookupInheritedFontProperty(Ljavafx/css/Styleable;Ljava/lang/String;Lcom/sun/javafx/css/StyleMap;ILcom/sun/javafx/css/CascadingStyle;)Lcom/sun/ja
Event: 51.186 Thread 0x000000001d7ae800 Uncommon trap: reason=bimorphic action=maybe_recompile pc=0x0000000002b315fc method=javafx.beans.property.BooleanPropertyBase.get()Z @ 23
Event: 51.186 Thread 0x000000001d7ae800 Uncommon trap: reason=unstable_if action=reinterpret pc=0x0000000002e38fbc method=java.lang.StrictMath.floorOrCeil(DDDD)D @ 14
Event: 51.290 Thread 0x000000001d7ae800 Uncommon trap: reason=unstable_if action=reinterpret pc=0x0000000002cfc1bc method=javafx.scene.CssStyleHelper.getStyle(Ljavafx/css/Styleable;Ljava/lang/String;Lcom/sun/javafx/css/StyleMap;Ljava/util/Set;)Lcom/sun/javafx/css/CascadingStyle; @ 8
Event: 51.290 Thread 0x000000001d7ae800 Uncommon trap: reason=predicate action=maybe_recompile pc=0x00000000030831e4 method=javafx.scene.CssStyleHelper.transitionToState(Ljavafx/scene/Node;)V @ 296
Event: 51.294 Thread 0x000000001d7ae800 Uncommon trap: reason=unstable_if action=reinterpret pc=0x0000000002f80470 method=java.lang.StrictMath.floorOrCeil(DDDD)D @ 14
Event: 51.330 Thread 0x000000001d7ae800 Uncommon trap: reason=unstable_if action=reinterpret pc=0x0000000002d76304 method=java.lang.Double.compare(DD)I @ 3
Event: 51.330 Thread 0x000000001d7ae800 Uncommon trap: reason=bimorphic action=maybe_recompile pc=0x0000000002b315fc method=javafx.beans.property.BooleanPropertyBase.get()Z @ 23
Event: 51.392 Thread 0x000000001d787000 Uncommon trap: reason=unstable_if action=reinterpret pc=0x0000000002bb2c68 method=com.sun.javafx.sg.prism.NGNode.doRender(Lcom/sun/prism/Graphics;)V @ 230
Event: 51.443 Thread 0x000000001d787000 Uncommon trap: reason=unstable_if action=reinterpret pc=0x0000000002ffb9d8 method=com.sun.javafx.font.directwrite.DWFontStrike.getQuantizedPosition(Lcom/sun/javafx/geom/Point2D;)I @ 23

Internal exceptions (10 events):
Event: 0.893 Thread 0x000000001d7ae800 Exception <a 'java/lang/ArrayIndexOutOfBoundsException'> (0x000000076c195310) thrown at [C:\re\workspace\8-2-build-windows-amd64-cygwin\jdk8u121\8372\hotspot\src\share\vm\runtime\sharedRuntime.cpp, line 605]
Event: 0.893 Thread 0x000000001d7ae800 Exception <a 'java/lang/ArrayIndexOutOfBoundsException'> (0x000000076c196010) thrown at [C:\re\workspace\8-2-build-windows-amd64-cygwin\jdk8u121\8372\hotspot\src\share\vm\runtime\sharedRuntime.cpp, line 605]
Event: 0.893 Thread 0x000000001d7ae800 Exception <a 'java/lang/ArrayIndexOutOfBoundsException'> (0x000000076c1973b8) thrown at [C:\re\workspace\8-2-build-windows-amd64-cygwin\jdk8u121\8372\hotspot\src\share\vm\runtime\sharedRuntime.cpp, line 605]
Event: 1.040 Thread 0x0000000020cd5800 Implicit null exception at 0x00000000027a13d6 to 0x00000000027a1789
Event: 1.052 Thread 0x000000001d7ae800 Implicit null exception at 0x0000000002789f75 to 0x000000000278a165
Event: 1.052 Thread 0x000000001d7ae800 Implicit null exception at 0x00000000027d5f5b to 0x00000000027d68ed
Event: 9.237 Thread 0x000000001d7ae800 Implicit null exception at 0x0000000002c2f880 to 0x0000000002c2f901
Event: 18.974 Thread 0x000000001d7ae800 Implicit null exception at 0x0000000002eabb4c to 0x0000000002eabcf9
Event: 18.987 Thread 0x000000001d7ae800 Implicit null exception at 0x0000000002acebb4 to 0x0000000002acecd5
Event: 38.930 Thread 0x000000001d7ae800 Implicit null exception at 0x00000000029676e1 to 0x0000000002967e69

Events (10 events):
Event: 51.461 loading class com/sun/javafx/font/directwrite/IWICImagingFactory
Event: 51.461 loading class com/sun/javafx/font/directwrite/IWICImagingFactory done
Event: 51.461 loading class com/sun/javafx/font/directwrite/IWICBitmap
Event: 51.461 loading class com/sun/javafx/font/directwrite/IWICBitmap done
Event: 51.462 loading class com/sun/javafx/font/directwrite/D2D1_RENDER_TARGET_PROPERTIES
Event: 51.462 loading class com/sun/javafx/font/directwrite/D2D1_RENDER_TARGET_PROPERTIES done
Event: 51.462 loading class com/sun/javafx/font/directwrite/D2D1_PIXEL_FORMAT
Event: 51.462 loading class com/sun/javafx/font/directwrite/D2D1_PIXEL_FORMAT done
Event: 51.463 loading class com/sun/javafx/font/directwrite/ID2D1Factory
Event: 51.463 loading class com/sun/javafx/font/directwrite/ID2D1Factory done


Dynamic libraries:
0x00007ff6a7460000 - 0x00007ff6a7497000 	C:\Program Files\Java\jdk1.8.0_121\bin\java.exe
0x00007ff8a0ec0000 - 0x00007ff8a1081000 	C:\WINDOWS\SYSTEM32\ntdll.dll
0x00007ff89e450000 - 0x00007ff89e4fd000 	C:\WINDOWS\system32\KERNEL32.DLL
0x00007ff89d570000 - 0x00007ff89d758000 	C:\WINDOWS\system32\KERNELBASE.dll
0x00007ff8a0560000 - 0x00007ff8a0607000 	C:\WINDOWS\system32\ADVAPI32.dll
0x00007ff89e7d0000 - 0x00007ff89e86d000 	C:\WINDOWS\system32\msvcrt.dll
0x00007ff8a0b40000 - 0x00007ff8a0b9b000 	C:\WINDOWS\system32\sechost.dll
0x00007ff8a0a20000 - 0x00007ff8a0b3c000 	C:\WINDOWS\system32\RPCRT4.dll
0x00007ff8a0780000 - 0x00007ff8a08d6000 	C:\WINDOWS\system32\USER32.dll
0x00007ff89e2c0000 - 0x00007ff89e446000 	C:\WINDOWS\system32\GDI32.dll
0x00007ff893e80000 - 0x00007ff8940f4000 	C:\WINDOWS\WinSxS\amd64_microsoft.windows.common-controls_6595b64144ccf1df_6.0.10586.672_none_a2d6b3cea53ff843\COMCTL32.dll
0x00007ff89e500000 - 0x00007ff89e77d000 	C:\WINDOWS\system32\combase.dll
0x00007ff89e080000 - 0x00007ff89e0ea000 	C:\WINDOWS\system32\bcryptPrimitives.dll
0x00007ff89e780000 - 0x00007ff89e7bb000 	C:\WINDOWS\system32\IMM32.DLL
0x000000006ecf0000 - 0x000000006edc2000 	C:\Program Files\Java\jdk1.8.0_121\jre\bin\msvcr100.dll
0x000000006edd0000 - 0x000000006f66b000 	C:\Program Files\Java\jdk1.8.0_121\jre\bin\server\jvm.dll
0x00007ff89e7c0000 - 0x00007ff89e7c8000 	C:\WINDOWS\system32\PSAPI.DLL
0x00007ff89b730000 - 0x00007ff89b753000 	C:\WINDOWS\SYSTEM32\WINMM.dll
0x00007ff886220000 - 0x00007ff886229000 	C:\WINDOWS\SYSTEM32\WSOCK32.dll
0x00007ff89a760000 - 0x00007ff89a76a000 	C:\WINDOWS\SYSTEM32\VERSION.dll
0x00007ff8a0940000 - 0x00007ff8a09ab000 	C:\WINDOWS\system32\WS2_32.dll
0x00007ff89b700000 - 0x00007ff89b72c000 	C:\WINDOWS\SYSTEM32\winmmbase.dll
0x00007ff89e030000 - 0x00007ff89e073000 	C:\WINDOWS\system32\cfgmgr32.dll
0x000000006eca0000 - 0x000000006ecaf000 	C:\Program Files\Java\jdk1.8.0_121\jre\bin\verify.dll
0x000000006ec70000 - 0x000000006ec99000 	C:\Program Files\Java\jdk1.8.0_121\jre\bin\java.dll
0x000000006ec50000 - 0x000000006ec66000 	C:\Program Files\Java\jdk1.8.0_121\jre\bin\zip.dll
0x00007ff89eca0000 - 0x00007ff8a01fc000 	C:\WINDOWS\system32\SHELL32.dll
0x00007ff89d920000 - 0x00007ff89df65000 	C:\WINDOWS\system32\windows.storage.dll
0x00007ff8a0350000 - 0x00007ff8a03a2000 	C:\WINDOWS\system32\shlwapi.dll
0x00007ff89d4e0000 - 0x00007ff89d4ef000 	C:\WINDOWS\system32\kernel.appcore.dll
0x00007ff89df70000 - 0x00007ff89e025000 	C:\WINDOWS\system32\shcore.dll
0x00007ff89d4f0000 - 0x00007ff89d53b000 	C:\WINDOWS\system32\powrprof.dll
0x00007ff89d550000 - 0x00007ff89d564000 	C:\WINDOWS\system32\profapi.dll
0x00007ff881980000 - 0x00007ff881a6f000 	C:\Program Files\Java\jdk1.8.0_121\jre\bin\msvcr120.dll
0x00007ff884a00000 - 0x00007ff884aa6000 	C:\Program Files\Java\jdk1.8.0_121\jre\bin\msvcp120.dll
0x000000006e920000 - 0x000000006e942000 	C:\Program Files\Java\jdk1.8.0_121\jre\bin\prism_d3d.dll
0x00007ff8816a0000 - 0x00007ff8818b0000 	C:\WINDOWS\system32\d3d9.dll
0x00007ff89b470000 - 0x00007ff89b492000 	C:\WINDOWS\SYSTEM32\dwmapi.dll
0x00007ff89be60000 - 0x00007ff89bef6000 	C:\WINDOWS\system32\uxtheme.dll
0x00007ff89a770000 - 0x00007ff89a8f1000 	C:\WINDOWS\SYSTEM32\aticfx64.dll
0x00007ff895210000 - 0x00007ff895239000 	C:\WINDOWS\SYSTEM32\atiu9p64.dll
0x00007ff87ff50000 - 0x00007ff880884000 	C:\WINDOWS\SYSTEM32\atiumd64.dll
0x000000006f7d0000 - 0x00000000703cb000 	C:\WINDOWS\SYSTEM32\atiumd6a.dll
0x000000006e8d0000 - 0x000000006e913000 	C:\Program Files\Java\jdk1.8.0_121\jre\bin\glass.dll
0x00007ff8a0ba0000 - 0x00007ff8a0cab000 	C:\WINDOWS\system32\COMDLG32.dll
0x00007ff89d760000 - 0x00007ff89d7e6000 	C:\WINDOWS\system32\FirewallAPI.dll
0x00007ff89d900000 - 0x00007ff89d917000 	C:\WINDOWS\system32\NETAPI32.dll
0x00007ff8a0200000 - 0x00007ff8a0343000 	C:\WINDOWS\system32\ole32.dll
0x00007ff8a0d30000 - 0x00007ff8a0df6000 	C:\WINDOWS\system32\OLEAUT32.dll
0x00007ff894980000 - 0x00007ff89498c000 	C:\WINDOWS\SYSTEM32\DAVHLPR.DLL
0x00007ff89c1a0000 - 0x00007ff89c1d2000 	C:\WINDOWS\SYSTEM32\fwbase.dll
0x00007ff8a0610000 - 0x00007ff8a076a000 	C:\WINDOWS\system32\MSCTF.dll
0x000000006e8b0000 - 0x000000006e8c4000 	C:\Program Files\Java\jdk1.8.0_121\jre\bin\javafx_font.dll
0x00007ff88c530000 - 0x00007ff88c78f000 	C:\WINDOWS\SYSTEM32\dwrite.dll
0x00007ff8a0e10000 - 0x00007ff8a0eb7000 	C:\WINDOWS\system32\clbcatq.dll
0x00007ff89af50000 - 0x00007ff89b101000 	C:\WINDOWS\SYSTEM32\WindowsCodecs.dll
0x00007ff898810000 - 0x00007ff89885a000 	C:\WINDOWS\system32\dataexchange.dll
0x00007ff89b8e0000 - 0x00007ff89b9c3000 	C:\WINDOWS\system32\dcomp.dll
0x00007ff89b1c0000 - 0x00007ff89b468000 	C:\WINDOWS\system32\d3d11.dll
0x00007ff89b110000 - 0x00007ff89b1b2000 	C:\WINDOWS\system32\dxgi.dll
0x00007ff89c000000 - 0x00007ff89c100000 	C:\WINDOWS\system32\twinapi.appcore.dll
0x00007ff89d410000 - 0x00007ff89d439000 	C:\WINDOWS\system32\bcrypt.dll
0x00007ff893450000 - 0x00007ff893484000 	C:\Program Files\Common Files\Microsoft Shared\Ink\rtscom.dll
0x000000006ec30000 - 0x000000006ec4a000 	C:\Program Files\Java\jdk1.8.0_121\jre\bin\net.dll
0x00007ff89cdb0000 - 0x00007ff89ce0c000 	C:\WINDOWS\system32\mswsock.dll
0x00007ff89bf50000 - 0x00007ff89bffa000 	C:\WINDOWS\SYSTEM32\DNSAPI.dll
0x00007ff8a0770000 - 0x00007ff8a0778000 	C:\WINDOWS\system32\NSI.dll
0x00007ff893690000 - 0x00007ff89369a000 	C:\Windows\System32\rasadhlp.dll
0x00007ff895670000 - 0x00007ff8956d7000 	C:\WINDOWS\System32\fwpuclnt.dll
0x000000006e890000 - 0x000000006e8a1000 	C:\Program Files\Java\jdk1.8.0_121\jre\bin\prism_common.dll
0x000000006e860000 - 0x000000006e883000 	C:\Program Files\Java\jdk1.8.0_121\jre\bin\javafx_iio.dll
0x00007ff899b80000 - 0x00007ff89a0c5000 	C:\WINDOWS\SYSTEM32\d2d1.dll
0x00007ff8857f0000 - 0x00007ff885a5f000 	C:\WINDOWS\SYSTEM32\D3D10Warp.dll

VM Arguments:
jvm_args: -Dfile.encoding=UTF-8 
java_command: FXMLMain
java_class_path (initial): C:\Users\labib\Desktop\jarfiles\jcalendar-1.4.jar;C:\Users\labib\Documents\NetBeansProjects\mysql-connector-java-8.0.15\mysql-connector-java-8.0.15.jar;C:\Users\labib\Desktop\jfoenix-9.0.8.jar;C:\Users\labib\Documents\NetBeansProjects\CSE 2100 Project\build\classes
Launcher Type: SUN_STANDARD

Environment Variables:
PATH=C:\ProgramData\Oracle\Java\javapath;C:\WINDOWS\system32;C:\WINDOWS;C:\WINDOWS\System32\Wbem;C:\WINDOWS\System32\WindowsPowerShell\v1.0\;C:\Program Files (x86)\ATI Technologies\ATI.ACE\Core-Static;C:\Program Files (x86)\AMD\ATI.ACE\Core-Static;C:\Program Files (x86)\Common Files\lenovo\easyplussdk\bin;C:\Program Files\Git\cmd;C:\Program Files (x86)\Brackets\command;C:\Program Files\nodejs\;C:\Program Files (x86)\Nmap;C:\Users\labib\AppData\Roaming\npm;C:\xampp\php;C:\Users\labib\AppData\Local\atom\bin
USERNAME=labib
OS=Windows_NT
PROCESSOR_IDENTIFIER=Intel64 Family 6 Model 94 Stepping 3, GenuineIntel



---------------  S Y S T E M  ---------------

OS: Windows 10.0 , 64 bit Build 10586 (10.0.10586.589)

CPU:total 4 (2 cores per cpu, 2 threads per core) family 6 model 94 stepping 3, cmov, cx8, fxsr, mmx, sse, sse2, sse3, ssse3, sse4.1, sse4.2, popcnt, avx, avx2, aes, clmul, erms, 3dnowpref, lzcnt, ht, tsc, tscinvbit, bmi1, bmi2, adx

Memory: 4k page, physical 16728208k(372412k free), swap 28882504k(5424k free)

vm_info: Java HotSpot(TM) 64-Bit Server VM (25.121-b13) for windows-amd64 JRE (1.8.0_121-b13), built on Dec 12 2016 18:21:36 by "java_re" with MS VC++ 10.0 (VS2010)

time: Wed Mar 27 01:36:27 2019
elapsed time: 51 seconds (0d 0h 0m 51s)

